  .   ____          _            __ _ _
 /\\ / ___'_ __ _ _(_)_ __  __ _ \ \ \ \
( ( )\___ | '_ | '_| | '_ \/ _` | \ \ \ \
 \\/  ___)| |_)| | | | | || (_| |  ) ) ) )
  '  |____| .__|_| |_|_| |_\__, | / / / /
 =========|_|==============|___/=/_/_/_/
 :: Spring Boot ::        (v2.3.1.RELEASE)

2020-07-06 01:09:55.314  INFO 32719 --- [           main] i.y.c.CoffeeMachineApplication           : Starting CoffeeMachineApplication v0.0.1-SNAPSHOT on harsh-XPS-13-9360 with PID 32719 (/home/harsh/codebase/coffeemachine/target/coffeemachine-0.0.1-SNAPSHOT.jar started by harsh in /home/harsh/codebase/coffeemachine)
2020-07-06 01:09:55.319  INFO 32719 --- [           main] i.y.c.CoffeeMachineApplication           : No active profile set, falling back to default profiles: default
2020-07-06 01:09:56.137  INFO 32719 --- [           main] i.y.coffeemachine.component.RecipeStore  : Adding/updating recipe hot_tea
2020-07-06 01:09:56.139  INFO 32719 --- [           main] i.y.coffeemachine.component.RecipeStore  : Adding/updating recipe hot_coffee
2020-07-06 01:09:56.139  INFO 32719 --- [           main] i.y.coffeemachine.component.RecipeStore  : Adding/updating recipe black_tea
2020-07-06 01:09:56.139  INFO 32719 --- [           main] i.y.coffeemachine.component.RecipeStore  : Adding/updating recipe green_tea
2020-07-06 01:09:56.139  INFO 32719 --- [           main] io.yharsh.coffeemachine.MachineImpl      : Machine is initialized
2020-07-06 01:09:56.215  INFO 32719 --- [           main] i.y.c.CoffeeMachineApplication           : Started CoffeeMachineApplication in 1.313 seconds (JVM running for 1.703)
2020-07-06 01:09:56.238  INFO 32719 --- [pool-1-thread-1] i.y.c.component.BeverageMaker            : Prepared hot_tea
2020-07-06 01:09:56.238  WARN 32719 --- [pool-1-thread-2] i.y.c.component.BeverageMaker            : Beverage harsh_chai is not supported
2020-07-06 01:09:56.239  INFO 32719 --- [           main] i.y.coffeemachine.component.RecipeStore  : Adding/updating recipe bed_tea
2020-07-06 01:09:56.239  INFO 32719 --- [pool-1-thread-4] i.y.c.component.BeverageMaker            : Prepared hot_coffee
2020-07-06 01:09:56.239  INFO 32719 --- [pool-1-thread-2] i.y.c.component.BeverageMaker            : Prepared black_tea
2020-07-06 01:09:56.239  INFO 32719 --- [           main] io.yharsh.coffeemachine.MachineImpl      : Shutting down
2020-07-06 01:09:56.240  INFO 32719 --- [pool-1-thread-4] i.y.c.component.BeverageMaker            : Prepared hot_coffee
2020-07-06 01:09:56.239  INFO 32719 --- [pool-1-thread-3] i.y.c.component.BeverageMaker            : Prepared hot_tea
2020-07-06 01:09:56.239  WARN 32719 --- [pool-1-thread-1] i.y.c.component.BeverageMaker            : Beverage unknown is not supported
2020-07-06 01:09:56.243  WARN 32719 --- [pool-1-thread-2] i.y.c.component.BeverageMaker            : Ingredient green_mixture is not available
2020-07-06 01:09:56.243  INFO 32719 --- [           main] io.yharsh.coffeemachine.MachineImpl      : Shutdown finished
